# JRE version: OpenJDK Runtime Environment (17.0.6) (build 17.0.6+0-b2043.56-10027231)
# Java VM: OpenJDK 64-Bit Server VM (17.0.6+0-b2043.56-10027231, mixed mode, tiered, compressed oops, compressed class ptrs, g1 gc, windows-amd64)
GC Precious Log:
 CPUs: 8 total, 8 available
 Memory: 7934M
 Large Page Support: Disabled
 NUMA Support: Disabled
 Compressed Oops: Enabled (32-bit)
 Heap Region Size: 1M
 Heap Min Capacity: 8M
 Heap Initial Capacity: 124M
 Heap Max Capacity: 2G
 Pre-touch: Disabled
 Parallel Workers: 8
 Concurrent Workers: 2
 Concurrent Refinement Workers: 8
 Periodic GC: Disabled
Heap:
 garbage-first heap   total 382976K, used 257602K [0x0000000080000000, 0x0000000100000000)
  region size 1024K, 96 young (98304K), 4 survivors (4096K)
 Metaspace       used 128272K, committed 129216K, reserved 1163264K
  class space    used 16755K, committed 17216K, reserved 1048576K
GC Heap History (20 events):
Event: 286.496 GC heap before
{Heap before GC invocations=46 (full 0):
 garbage-first heap   total 249856K, used 151484K [0x0000000080000000, 0x0000000100000000)
  region size 1024K, 12 young (12288K), 6 survivors (6144K)
 Metaspace       used 106531K, committed 107328K, reserved 1146880K
  class space    used 14269K, committed 14656K, reserved 1048576K
}
Event: 286.510 GC heap after
{Heap after GC invocations=47 (full 0):
 garbage-first heap   total 249856K, used 138763K [0x0000000080000000, 0x0000000100000000)
  region size 1024K, 1 young (1024K), 1 survivors (1024K)
 Metaspace       used 106531K, committed 107328K, reserved 1146880K
  class space    used 14269K, committed 14656K, reserved 1048576K
}
Event: 286.790 GC heap before
{Heap before GC invocations=47 (full 0):
 garbage-first heap   total 249856K, used 200203K [0x0000000080000000, 0x0000000100000000)
  region size 1024K, 45 young (46080K), 1 survivors (1024K)
 Metaspace       used 107028K, committed 107840K, reserved 1146880K
  class space    used 14311K, committed 14720K, reserved 1048576K
}
Event: 286.796 GC heap after
{Heap after GC invocations=48 (full 0):
 garbage-first heap   total 249856K, used 143325K [0x0000000080000000, 0x0000000100000000)
  region size 1024K, 6 young (6144K), 6 survivors (6144K)
 Metaspace       used 107028K, committed 107840K, reserved 1146880K
  class space    used 14311K, committed 14720K, reserved 1048576K
}
Event: 287.057 GC heap before
{Heap before GC invocations=48 (full 0):
 garbage-first heap   total 249856K, used 188381K [0x0000000080000000, 0x0000000100000000)
  region size 1024K, 51 young (52224K), 6 survivors (6144K)
 Metaspace       used 110361K, committed 111168K, reserved 1146880K
  class space    used 14597K, committed 15040K, reserved 1048576K
}
Event: 287.064 GC heap after
{Heap after GC invocations=49 (full 0):
 garbage-first heap   total 249856K, used 148460K [0x0000000080000000, 0x0000000100000000)
  region size 1024K, 5 young (5120K), 5 survivors (5120K)
 Metaspace       used 110361K, committed 111168K, reserved 1146880K
  class space    used 14597K, committed 15040K, reserved 1048576K
}
Event: 287.230 GC heap before
{Heap before GC invocations=49 (full 0):
 garbage-first heap   total 249856K, used 207852K [0x0000000080000000, 0x0000000100000000)
  region size 1024K, 50 young (51200K), 5 survivors (5120K)
 Metaspace       used 111004K, committed 111872K, reserved 1146880K
  class space    used 14641K, committed 15104K, reserved 1048576K
}
Event: 287.236 GC heap after
{Heap after GC invocations=50 (full 0):
 garbage-first heap   total 249856K, used 150750K [0x0000000080000000, 0x0000000100000000)
  region size 1024K, 3 young (3072K), 3 survivors (3072K)
 Metaspace       used 111004K, committed 111872K, reserved 1146880K
  class space    used 14641K, committed 15104K, reserved 1048576K
}
Event: 287.425 GC heap before
{Heap before GC invocations=50 (full 0):
 garbage-first heap   total 249856K, used 216286K [0x0000000080000000, 0x0000000100000000)
  region size 1024K, 45 young (46080K), 3 survivors (3072K)
 Metaspace       used 111602K, committed 112448K, reserved 1146880K
  class space    used 14682K, committed 15104K, reserved 1048576K
}
Event: 287.428 GC heap after
{Heap after GC invocations=51 (full 0):
 garbage-first heap   total 249856K, used 151465K [0x0000000080000000, 0x0000000100000000)
  region size 1024K, 4 young (4096K), 4 survivors (4096K)
 Metaspace       used 111602K, committed 112448K, reserved 1146880K
  class space    used 14682K, committed 15104K, reserved 1048576K
}
Event: 288.074 GC heap before
{Heap before GC invocations=51 (full 0):
 garbage-first heap   total 249856K, used 223145K [0x0000000080000000, 0x0000000100000000)
  region size 1024K, 53 young (54272K), 4 survivors (4096K)
 Metaspace       used 112444K, committed 113280K, reserved 1155072K
  class space    used 14764K, committed 15168K, reserved 1048576K
}
Event: 288.079 GC heap after
{Heap after GC invocations=52 (full 0):
 garbage-first heap   total 249856K, used 152926K [0x0000000080000000, 0x0000000100000000)
  region size 1024K, 5 young (5120K), 5 survivors (5120K)
 Metaspace       used 112444K, committed 113280K, reserved 1155072K
  class space    used 14764K, committed 15168K, reserved 1048576K
}
Event: 288.790 GC heap before
{Heap before GC invocations=52 (full 0):
 garbage-first heap   total 249856K, used 204126K [0x0000000080000000, 0x0000000100000000)
  region size 1024K, 56 young (57344K), 5 survivors (5120K)
 Metaspace       used 113767K, committed 114624K, reserved 1155072K
  class space    used 14917K, committed 15360K, reserved 1048576K
}
Event: 288.797 GC heap after
{Heap after GC invocations=53 (full 0):
 garbage-first heap   total 249856K, used 156986K [0x0000000080000000, 0x0000000100000000)
  region size 1024K, 7 young (7168K), 7 survivors (7168K)
 Metaspace       used 113767K, committed 114624K, reserved 1155072K
  class space    used 14917K, committed 15360K, reserved 1048576K
}
Event: 291.515 GC heap before
{Heap before GC invocations=53 (full 0):
 garbage-first heap   total 249856K, used 205114K [0x0000000080000000, 0x0000000100000000)
  region size 1024K, 55 young (56320K), 7 survivors (7168K)
 Metaspace       used 114928K, committed 115840K, reserved 1155072K
  class space    used 15054K, committed 15488K, reserved 1048576K
}
Event: 291.525 GC heap after
{Heap after GC invocations=54 (full 0):
 garbage-first heap   total 249856K, used 160910K [0x0000000080000000, 0x0000000100000000)
  region size 1024K, 4 young (4096K), 4 survivors (4096K)
 Metaspace       used 114928K, committed 115840K, reserved 1155072K
  class space    used 15054K, committed 15488K, reserved 1048576K
}
Event: 291.746 GC heap before
{Heap before GC invocations=54 (full 0):
 garbage-first heap   total 249856K, used 206990K [0x0000000080000000, 0x0000000100000000)
  region size 1024K, 50 young (51200K), 4 survivors (4096K)
 Metaspace       used 115906K, committed 116736K, reserved 1155072K
  class space    used 15150K, committed 15552K, reserved 1048576K
}
Event: 291.751 GC heap after
{Heap after GC invocations=55 (full 0):
 garbage-first heap   total 249856K, used 162258K [0x0000000080000000, 0x0000000100000000)
  region size 1024K, 6 young (6144K), 6 survivors (6144K)
 Metaspace       used 115906K, committed 116736K, reserved 1155072K
  class space    used 15150K, committed 15552K, reserved 1048576K
}
Event: 292.466 GC heap before
{Heap before GC invocations=55 (full 0):
 garbage-first heap   total 249856K, used 208338K [0x0000000080000000, 0x0000000100000000)
  region size 1024K, 52 young (53248K), 6 survivors (6144K)
 Metaspace       used 117863K, committed 118720K, reserved 1155072K
  class space    used 15383K, committed 15808K, reserved 1048576K
}
Event: 292.473 GC heap after
{Heap after GC invocations=56 (full 0):
 garbage-first heap   total 382976K, used 163394K [0x0000000080000000, 0x0000000100000000)
  region size 1024K, 4 young (4096K), 4 survivors (4096K)
 Metaspace       used 117863K, committed 118720K, reserved 1155072K
  class space    used 15383K, committed 15808K, reserved 1048576K
}

